<?xml version="1.0" encoding="UTF-8"?>
<!-- Generated by org.testng.reporters.JUnitXMLReporter -->
<testsuite ignored="0" hostname="LAPTOP-ECIVHE0M" failures="0" tests="4" name="AddNewContactTest" time="28.202" errors="0" timestamp="2025-02-25T23:48:34 IST">
  <testcase classname="test.TC003_AddNewContact" name="addNewContactWithMissingFields" time="4.008"/>
  <testcase classname="test.TC003_AddNewContact" name="addNewContactWithAllFields" time="4.01"/>
  <testcase classname="test.TC003_AddNewContact" name="addNewContactWithDuplicateValues" time="4.009"/>
  <testcase classname="test.TC003_AddNewContact" name="addNewContactWithInvalidDateFormat" time="3.283"/>
</testsuite> <!-- AddNewContactTest -->
