<?xml version="1.0" encoding="UTF-8"?>
<!-- Generated by org.testng.reporters.JUnitXMLReporter -->
<testsuite ignored="0" hostname="LAPTOP-ECIVHE0M" failures="0" tests="4" name="AddNewContactTest" time="39.225" errors="0" timestamp="2025-03-01T19:49:51 IST">
  <testcase classname="test.TC003_AddNewContact" name="addNewContactWithMissingFields" time="5.453"/>
  <testcase classname="test.TC003_AddNewContact" name="addNewContactWithAllFields" time="6.079"/>
  <testcase classname="test.TC003_AddNewContact" name="addNewContactWithDuplicateValues" time="5.842"/>
  <testcase classname="test.TC003_AddNewContact" name="addNewContactWithInvalidDateFormat" time="4.292"/>
</testsuite> <!-- AddNewContactTest -->
