<?xml version="1.0" encoding="UTF-8"?>
<testng-results ignored="0" total="9" passed="9" failed="0" skipped="0">
  <reporter-output>
  </reporter-output>
  <suite started-at="2025-03-01T19:48:33 IST" name="Suite" finished-at="2025-03-01T19:50:31 IST" duration-ms="118275">
    <groups>
    </groups>
    <test started-at="2025-03-01T19:48:33 IST" name="SignupTest" finished-at="2025-03-01T19:49:02 IST" duration-ms="29572">
      <class name="test.TC001_SignupTest">
        <test-method is-config="true" signature="setup()[pri:0, instance:test.TC001_SignupTest@459e9125]" started-at="2025-03-01T19:48:33 IST" name="setup" finished-at="2025-03-01T19:48:33 IST" duration-ms="24" status="PASS">
          <reporter-output>
          </reporter-output>
        </test-method> <!-- setup -->
        <test-method is-config="true" signature="launchBrowser(java.lang.String,java.lang.String)[pri:0, instance:test.TC001_SignupTest@459e9125]" started-at="2025-03-01T19:48:35 IST" name="launchBrowser" finished-at="2025-03-01T19:48:58 IST" duration-ms="23208" status="PASS">
          <params>
            <param index="0">
              <value>
                <![CDATA[Chrome]]>
              </value>
            </param>
            <param index="1">
              <value>
                <![CDATA[https://thinking-tester-contact-list.herokuapp.com/]]>
              </value>
            </param>
          </params>
          <reporter-output>
          </reporter-output>
        </test-method> <!-- launchBrowser -->
        <test-method signature="signupTest(java.lang.String,java.lang.String,java.lang.String,java.lang.String)[pri:0, instance:test.TC001_SignupTest@459e9125]" started-at="2025-03-01T19:48:58 IST" name="signupTest" data-provider="excelRead" finished-at="2025-03-01T19:49:02 IST" duration-ms="4247" status="PASS">
          <params>
            <param index="0">
              <value>
                <![CDATA[testguvi]]>
              </value>
            </param>
            <param index="1">
              <value>
                <![CDATA[user08]]>
              </value>
            </param>
            <param index="2">
              <value>
                <![CDATA[testguviuser08@gmail.com]]>
              </value>
            </param>
            <param index="3">
              <value>
                <![CDATA[guvi123]]>
              </value>
            </param>
          </params>
          <reporter-output>
          </reporter-output>
        </test-method> <!-- signupTest -->
        <test-method is-config="true" signature="close()[pri:0, instance:test.TC001_SignupTest@459e9125]" started-at="2025-03-01T19:49:02 IST" name="close" finished-at="2025-03-01T19:49:02 IST" duration-ms="145" status="PASS">
          <reporter-output>
          </reporter-output>
        </test-method> <!-- close -->
      </class> <!-- test.TC001_SignupTest -->
    </test> <!-- SignupTest -->
    <test started-at="2025-03-01T19:49:03 IST" name="LoginTest" finished-at="2025-03-01T19:49:12 IST" duration-ms="9430">
      <class name="test.TC002_LoginTest">
        <test-method is-config="true" signature="setup()[pri:0, instance:test.TC002_LoginTest@206a70ef]" started-at="2025-03-01T19:49:03 IST" name="setup" finished-at="2025-03-01T19:49:03 IST" duration-ms="16" status="PASS">
          <reporter-output>
          </reporter-output>
        </test-method> <!-- setup -->
        <test-method is-config="true" signature="launchBrowser(java.lang.String,java.lang.String)[pri:0, instance:test.TC002_LoginTest@206a70ef]" started-at="2025-03-01T19:49:03 IST" name="launchBrowser" finished-at="2025-03-01T19:49:08 IST" duration-ms="4811" status="PASS">
          <params>
            <param index="0">
              <value>
                <![CDATA[Chrome]]>
              </value>
            </param>
            <param index="1">
              <value>
                <![CDATA[https://thinking-tester-contact-list.herokuapp.com/]]>
              </value>
            </param>
          </params>
          <reporter-output>
          </reporter-output>
        </test-method> <!-- launchBrowser -->
        <test-method signature="loginTest(java.lang.String,java.lang.String,java.lang.String,java.lang.String,java.lang.String,java.lang.String,java.lang.String,java.lang.String,java.lang.String,java.lang.String,java.lang.String,java.lang.String,java.lang.String,java.lang.String)[pri:0, instance:test.TC002_LoginTest@206a70ef]" started-at="2025-03-01T19:49:08 IST" name="loginTest" data-provider="excelRead" finished-at="2025-03-01T19:49:12 IST" duration-ms="4057" status="PASS">
          <params>
            <param index="0">
              <value>
                <![CDATA[maniishguvi@com]]>
              </value>
            </param>
            <param index="1">
              <value>
                <![CDATA[maniishguvi@gmail.com]]>
              </value>
            </param>
            <param index="2">
              <value>
                <![CDATA[Maniish@0212]]>
              </value>
            </param>
            <param index="3">
              <value>
                <![CDATA[David]]>
              </value>
            </param>
            <param index="4">
              <value>
                <![CDATA[Brown]]>
              </value>
            </param>
            <param index="5">
              <value>
                <![CDATA[1996-07-12]]>
              </value>
            </param>
            <param index="6">
              <value>
                <![CDATA[davidbrown@gmail.com]]>
              </value>
            </param>
            <param index="7">
              <value>
                <![CDATA[987612345]]>
              </value>
            </param>
            <param index="8">
              <value>
                <![CDATA[654]]>
              </value>
            </param>
            <param index="9">
              <value>
                <![CDATA[Cedar Drive]]>
              </value>
            </param>
            <param index="10">
              <value>
                <![CDATA[Austin]]>
              </value>
            </param>
            <param index="11">
              <value>
                <![CDATA[Texas]]>
              </value>
            </param>
            <param index="12">
              <value>
                <![CDATA[73301]]>
              </value>
            </param>
            <param index="13">
              <value>
                <![CDATA[United States]]>
              </value>
            </param>
          </params>
          <reporter-output>
          </reporter-output>
        </test-method> <!-- loginTest -->
        <test-method is-config="true" signature="close()[pri:0, instance:test.TC002_LoginTest@206a70ef]" started-at="2025-03-01T19:49:12 IST" name="close" finished-at="2025-03-01T19:49:12 IST" duration-ms="244" status="PASS">
          <reporter-output>
          </reporter-output>
        </test-method> <!-- close -->
      </class> <!-- test.TC002_LoginTest -->
    </test> <!-- LoginTest -->
    <test started-at="2025-03-01T19:49:12 IST" name="AddNewContactTest" finished-at="2025-03-01T19:49:51 IST" duration-ms="39225">
      <class name="test.TC003_AddNewContact">
        <test-method is-config="true" signature="setup()[pri:0, instance:test.TC003_AddNewContact@38425407]" started-at="2025-03-01T19:49:12 IST" name="setup" finished-at="2025-03-01T19:49:12 IST" duration-ms="2" status="PASS">
          <reporter-output>
          </reporter-output>
        </test-method> <!-- setup -->
        <test-method is-config="true" signature="launchBrowser(java.lang.String,java.lang.String)[pri:0, instance:test.TC003_AddNewContact@38425407]" started-at="2025-03-01T19:49:12 IST" name="launchBrowser" finished-at="2025-03-01T19:49:16 IST" duration-ms="3623" status="PASS">
          <params>
            <param index="0">
              <value>
                <![CDATA[Chrome]]>
              </value>
            </param>
            <param index="1">
              <value>
                <![CDATA[https://thinking-tester-contact-list.herokuapp.com/]]>
              </value>
            </param>
          </params>
          <reporter-output>
          </reporter-output>
        </test-method> <!-- launchBrowser -->
        <test-method signature="addNewContactWithMissingFields(java.lang.String,java.lang.String,java.lang.String,java.lang.String,java.lang.String,java.lang.String,java.lang.String,java.lang.String,java.lang.String,java.lang.String,java.lang.String,java.lang.String,java.lang.String,java.lang.String)[pri:1, instance:test.TC003_AddNewContact@38425407]" started-at="2025-03-01T19:49:16 IST" name="addNewContactWithMissingFields" data-provider="excelRead" finished-at="2025-03-01T19:49:21 IST" duration-ms="5453" status="PASS">
          <params>
            <param index="0">
              <value>
                <![CDATA[maniishguvi@com]]>
              </value>
            </param>
            <param index="1">
              <value>
                <![CDATA[maniishguvi@gmail.com]]>
              </value>
            </param>
            <param index="2">
              <value>
                <![CDATA[Maniish@0212]]>
              </value>
            </param>
            <param index="3">
              <value>
                <![CDATA[David]]>
              </value>
            </param>
            <param index="4">
              <value>
                <![CDATA[Brown]]>
              </value>
            </param>
            <param index="5">
              <value>
                <![CDATA[1996-07-12]]>
              </value>
            </param>
            <param index="6">
              <value>
                <![CDATA[davidbrown@gmail.com]]>
              </value>
            </param>
            <param index="7">
              <value>
                <![CDATA[987612345]]>
              </value>
            </param>
            <param index="8">
              <value>
                <![CDATA[654]]>
              </value>
            </param>
            <param index="9">
              <value>
                <![CDATA[Cedar Drive]]>
              </value>
            </param>
            <param index="10">
              <value>
                <![CDATA[Austin]]>
              </value>
            </param>
            <param index="11">
              <value>
                <![CDATA[Texas]]>
              </value>
            </param>
            <param index="12">
              <value>
                <![CDATA[73301]]>
              </value>
            </param>
            <param index="13">
              <value>
                <![CDATA[United States]]>
              </value>
            </param>
          </params>
          <reporter-output>
          </reporter-output>
        </test-method> <!-- addNewContactWithMissingFields -->
        <test-method is-config="true" signature="close()[pri:0, instance:test.TC003_AddNewContact@38425407]" started-at="2025-03-01T19:49:21 IST" name="close" finished-at="2025-03-01T19:49:22 IST" duration-ms="217" status="PASS">
          <reporter-output>
          </reporter-output>
        </test-method> <!-- close -->
        <test-method is-config="true" signature="launchBrowser(java.lang.String,java.lang.String)[pri:0, instance:test.TC003_AddNewContact@38425407]" started-at="2025-03-01T19:49:22 IST" name="launchBrowser" finished-at="2025-03-01T19:49:25 IST" duration-ms="3613" status="PASS">
          <params>
            <param index="0">
              <value>
                <![CDATA[Chrome]]>
              </value>
            </param>
            <param index="1">
              <value>
                <![CDATA[https://thinking-tester-contact-list.herokuapp.com/]]>
              </value>
            </param>
          </params>
          <reporter-output>
          </reporter-output>
        </test-method> <!-- launchBrowser -->
        <test-method signature="addNewContactWithAllFields(java.lang.String,java.lang.String,java.lang.String,java.lang.String,java.lang.String,java.lang.String,java.lang.String,java.lang.String,java.lang.String,java.lang.String,java.lang.String,java.lang.String,java.lang.String,java.lang.String)[pri:2, instance:test.TC003_AddNewContact@38425407]" started-at="2025-03-01T19:49:25 IST" name="addNewContactWithAllFields" data-provider="excelRead" finished-at="2025-03-01T19:49:31 IST" duration-ms="6079" status="PASS">
          <params>
            <param index="0">
              <value>
                <![CDATA[maniishguvi@com]]>
              </value>
            </param>
            <param index="1">
              <value>
                <![CDATA[maniishguvi@gmail.com]]>
              </value>
            </param>
            <param index="2">
              <value>
                <![CDATA[Maniish@0212]]>
              </value>
            </param>
            <param index="3">
              <value>
                <![CDATA[David]]>
              </value>
            </param>
            <param index="4">
              <value>
                <![CDATA[Brown]]>
              </value>
            </param>
            <param index="5">
              <value>
                <![CDATA[1996-07-12]]>
              </value>
            </param>
            <param index="6">
              <value>
                <![CDATA[davidbrown@gmail.com]]>
              </value>
            </param>
            <param index="7">
              <value>
                <![CDATA[987612345]]>
              </value>
            </param>
            <param index="8">
              <value>
                <![CDATA[654]]>
              </value>
            </param>
            <param index="9">
              <value>
                <![CDATA[Cedar Drive]]>
              </value>
            </param>
            <param index="10">
              <value>
                <![CDATA[Austin]]>
              </value>
            </param>
            <param index="11">
              <value>
                <![CDATA[Texas]]>
              </value>
            </param>
            <param index="12">
              <value>
                <![CDATA[73301]]>
              </value>
            </param>
            <param index="13">
              <value>
                <![CDATA[United States]]>
              </value>
            </param>
          </params>
          <reporter-output>
          </reporter-output>
        </test-method> <!-- addNewContactWithAllFields -->
        <test-method is-config="true" signature="close()[pri:0, instance:test.TC003_AddNewContact@38425407]" started-at="2025-03-01T19:49:31 IST" name="close" finished-at="2025-03-01T19:49:32 IST" duration-ms="255" status="PASS">
          <reporter-output>
          </reporter-output>
        </test-method> <!-- close -->
        <test-method is-config="true" signature="launchBrowser(java.lang.String,java.lang.String)[pri:0, instance:test.TC003_AddNewContact@38425407]" started-at="2025-03-01T19:49:32 IST" name="launchBrowser" finished-at="2025-03-01T19:49:35 IST" duration-ms="3596" status="PASS">
          <params>
            <param index="0">
              <value>
                <![CDATA[Chrome]]>
              </value>
            </param>
            <param index="1">
              <value>
                <![CDATA[https://thinking-tester-contact-list.herokuapp.com/]]>
              </value>
            </param>
          </params>
          <reporter-output>
          </reporter-output>
        </test-method> <!-- launchBrowser -->
        <test-method signature="addNewContactWithDuplicateValues(java.lang.String,java.lang.String,java.lang.String,java.lang.String,java.lang.String,java.lang.String,java.lang.String,java.lang.String,java.lang.String,java.lang.String,java.lang.String,java.lang.String,java.lang.String,java.lang.String)[pri:3, instance:test.TC003_AddNewContact@38425407]" started-at="2025-03-01T19:49:35 IST" name="addNewContactWithDuplicateValues" data-provider="excelRead" finished-at="2025-03-01T19:49:41 IST" duration-ms="5842" status="PASS">
          <params>
            <param index="0">
              <value>
                <![CDATA[maniishguvi@com]]>
              </value>
            </param>
            <param index="1">
              <value>
                <![CDATA[maniishguvi@gmail.com]]>
              </value>
            </param>
            <param index="2">
              <value>
                <![CDATA[Maniish@0212]]>
              </value>
            </param>
            <param index="3">
              <value>
                <![CDATA[David]]>
              </value>
            </param>
            <param index="4">
              <value>
                <![CDATA[Brown]]>
              </value>
            </param>
            <param index="5">
              <value>
                <![CDATA[1996-07-12]]>
              </value>
            </param>
            <param index="6">
              <value>
                <![CDATA[davidbrown@gmail.com]]>
              </value>
            </param>
            <param index="7">
              <value>
                <![CDATA[987612345]]>
              </value>
            </param>
            <param index="8">
              <value>
                <![CDATA[654]]>
              </value>
            </param>
            <param index="9">
              <value>
                <![CDATA[Cedar Drive]]>
              </value>
            </param>
            <param index="10">
              <value>
                <![CDATA[Austin]]>
              </value>
            </param>
            <param index="11">
              <value>
                <![CDATA[Texas]]>
              </value>
            </param>
            <param index="12">
              <value>
                <![CDATA[73301]]>
              </value>
            </param>
            <param index="13">
              <value>
                <![CDATA[United States]]>
              </value>
            </param>
          </params>
          <reporter-output>
          </reporter-output>
        </test-method> <!-- addNewContactWithDuplicateValues -->
        <test-method is-config="true" signature="close()[pri:0, instance:test.TC003_AddNewContact@38425407]" started-at="2025-03-01T19:49:41 IST" name="close" finished-at="2025-03-01T19:49:42 IST" duration-ms="237" status="PASS">
          <reporter-output>
          </reporter-output>
        </test-method> <!-- close -->
        <test-method is-config="true" signature="launchBrowser(java.lang.String,java.lang.String)[pri:0, instance:test.TC003_AddNewContact@38425407]" started-at="2025-03-01T19:49:42 IST" name="launchBrowser" finished-at="2025-03-01T19:49:47 IST" duration-ms="5012" status="PASS">
          <params>
            <param index="0">
              <value>
                <![CDATA[Chrome]]>
              </value>
            </param>
            <param index="1">
              <value>
                <![CDATA[https://thinking-tester-contact-list.herokuapp.com/]]>
              </value>
            </param>
          </params>
          <reporter-output>
          </reporter-output>
        </test-method> <!-- launchBrowser -->
        <test-method signature="addNewContactWithInvalidDateFormat(java.lang.String,java.lang.String,java.lang.String,java.lang.String,java.lang.String,java.lang.String,java.lang.String,java.lang.String,java.lang.String,java.lang.String,java.lang.String,java.lang.String,java.lang.String,java.lang.String)[pri:4, instance:test.TC003_AddNewContact@38425407]" started-at="2025-03-01T19:49:47 IST" name="addNewContactWithInvalidDateFormat" data-provider="excelRead" finished-at="2025-03-01T19:49:51 IST" duration-ms="4292" status="PASS">
          <params>
            <param index="0">
              <value>
                <![CDATA[maniishguvi@com]]>
              </value>
            </param>
            <param index="1">
              <value>
                <![CDATA[maniishguvi@gmail.com]]>
              </value>
            </param>
            <param index="2">
              <value>
                <![CDATA[Maniish@0212]]>
              </value>
            </param>
            <param index="3">
              <value>
                <![CDATA[David]]>
              </value>
            </param>
            <param index="4">
              <value>
                <![CDATA[Brown]]>
              </value>
            </param>
            <param index="5">
              <value>
                <![CDATA[1996-07-12]]>
              </value>
            </param>
            <param index="6">
              <value>
                <![CDATA[davidbrown@gmail.com]]>
              </value>
            </param>
            <param index="7">
              <value>
                <![CDATA[987612345]]>
              </value>
            </param>
            <param index="8">
              <value>
                <![CDATA[654]]>
              </value>
            </param>
            <param index="9">
              <value>
                <![CDATA[Cedar Drive]]>
              </value>
            </param>
            <param index="10">
              <value>
                <![CDATA[Austin]]>
              </value>
            </param>
            <param index="11">
              <value>
                <![CDATA[Texas]]>
              </value>
            </param>
            <param index="12">
              <value>
                <![CDATA[73301]]>
              </value>
            </param>
            <param index="13">
              <value>
                <![CDATA[United States]]>
              </value>
            </param>
          </params>
          <reporter-output>
          </reporter-output>
        </test-method> <!-- addNewContactWithInvalidDateFormat -->
        <test-method is-config="true" signature="close()[pri:0, instance:test.TC003_AddNewContact@38425407]" started-at="2025-03-01T19:49:51 IST" name="close" finished-at="2025-03-01T19:49:51 IST" duration-ms="233" status="PASS">
          <reporter-output>
          </reporter-output>
        </test-method> <!-- close -->
      </class> <!-- test.TC003_AddNewContact -->
    </test> <!-- AddNewContactTest -->
    <test started-at="2025-03-01T19:49:51 IST" name="EditContactTest" finished-at="2025-03-01T19:50:23 IST" duration-ms="31354">
      <class name="test.TC004_EditContact">
        <test-method is-config="true" signature="setup()[pri:0, instance:test.TC004_EditContact@327514f]" started-at="2025-03-01T19:49:51 IST" name="setup" finished-at="2025-03-01T19:49:51 IST" duration-ms="1" status="PASS">
          <reporter-output>
          </reporter-output>
        </test-method> <!-- setup -->
        <test-method is-config="true" signature="launchBrowser(java.lang.String,java.lang.String)[pri:0, instance:test.TC004_EditContact@327514f]" started-at="2025-03-01T19:49:51 IST" name="launchBrowser" finished-at="2025-03-01T19:49:56 IST" duration-ms="4821" status="PASS">
          <params>
            <param index="0">
              <value>
                <![CDATA[Chrome]]>
              </value>
            </param>
            <param index="1">
              <value>
                <![CDATA[https://thinking-tester-contact-list.herokuapp.com/]]>
              </value>
            </param>
          </params>
          <reporter-output>
          </reporter-output>
        </test-method> <!-- launchBrowser -->
        <test-method signature="editContact(java.lang.String,java.lang.String,java.lang.String,java.lang.String,java.lang.String)[pri:1, instance:test.TC004_EditContact@327514f]" started-at="2025-03-01T19:49:56 IST" name="editContact" data-provider="excelRead" finished-at="2025-03-01T19:50:11 IST" duration-ms="14649" status="PASS">
          <params>
            <param index="0">
              <value>
                <![CDATA[maniishguvi@gmail.com]]>
              </value>
            </param>
            <param index="1">
              <value>
                <![CDATA[Maniish@0212]]>
              </value>
            </param>
            <param index="2">
              <value>
                <![CDATA[Abrown]]>
              </value>
            </param>
            <param index="3">
              <value>
                <![CDATA[davidbrownupd@gmail.com]]>
              </value>
            </param>
            <param index="4">
              <value>
                <![CDATA[0123456789]]>
              </value>
            </param>
          </params>
          <reporter-output>
          </reporter-output>
        </test-method> <!-- editContact -->
        <test-method is-config="true" signature="close()[pri:0, instance:test.TC004_EditContact@327514f]" started-at="2025-03-01T19:50:11 IST" name="close" finished-at="2025-03-01T19:50:11 IST" duration-ms="347" status="PASS">
          <reporter-output>
          </reporter-output>
        </test-method> <!-- close -->
        <test-method is-config="true" signature="launchBrowser(java.lang.String,java.lang.String)[pri:0, instance:test.TC004_EditContact@327514f]" started-at="2025-03-01T19:50:11 IST" name="launchBrowser" finished-at="2025-03-01T19:50:15 IST" duration-ms="3253" status="PASS">
          <params>
            <param index="0">
              <value>
                <![CDATA[Chrome]]>
              </value>
            </param>
            <param index="1">
              <value>
                <![CDATA[https://thinking-tester-contact-list.herokuapp.com/]]>
              </value>
            </param>
          </params>
          <reporter-output>
          </reporter-output>
        </test-method> <!-- launchBrowser -->
        <test-method signature="editContactAndWitEmptyField(java.lang.String,java.lang.String,java.lang.String,java.lang.String,java.lang.String)[pri:2, instance:test.TC004_EditContact@327514f]" started-at="2025-03-01T19:50:15 IST" name="editContactAndWitEmptyField" data-provider="excelRead" finished-at="2025-03-01T19:50:22 IST" duration-ms="7711" status="PASS">
          <params>
            <param index="0">
              <value>
                <![CDATA[maniishguvi@gmail.com]]>
              </value>
            </param>
            <param index="1">
              <value>
                <![CDATA[Maniish@0212]]>
              </value>
            </param>
            <param index="2">
              <value>
                <![CDATA[Abrown]]>
              </value>
            </param>
            <param index="3">
              <value>
                <![CDATA[davidbrownupd@gmail.com]]>
              </value>
            </param>
            <param index="4">
              <value>
                <![CDATA[0123456789]]>
              </value>
            </param>
          </params>
          <reporter-output>
          </reporter-output>
        </test-method> <!-- editContactAndWitEmptyField -->
        <test-method is-config="true" signature="close()[pri:0, instance:test.TC004_EditContact@327514f]" started-at="2025-03-01T19:50:22 IST" name="close" finished-at="2025-03-01T19:50:23 IST" duration-ms="247" status="PASS">
          <reporter-output>
          </reporter-output>
        </test-method> <!-- close -->
      </class> <!-- test.TC004_EditContact -->
    </test> <!-- EditContactTest -->
    <test started-at="2025-03-01T19:50:23 IST" name="DeleteContactTest" finished-at="2025-03-01T19:50:31 IST" duration-ms="8555">
      <class name="test.TC005_DeleteContactAndLogout">
        <test-method is-config="true" signature="setup()[pri:0, instance:test.TC005_DeleteContactAndLogout@815b41f]" started-at="2025-03-01T19:50:23 IST" name="setup" finished-at="2025-03-01T19:50:23 IST" duration-ms="0" status="PASS">
          <reporter-output>
          </reporter-output>
        </test-method> <!-- setup -->
        <test-method is-config="true" signature="launchBrowser(java.lang.String,java.lang.String)[pri:0, instance:test.TC005_DeleteContactAndLogout@815b41f]" started-at="2025-03-01T19:50:23 IST" name="launchBrowser" finished-at="2025-03-01T19:50:27 IST" duration-ms="3675" status="PASS">
          <params>
            <param index="0">
              <value>
                <![CDATA[Chrome]]>
              </value>
            </param>
            <param index="1">
              <value>
                <![CDATA[https://thinking-tester-contact-list.herokuapp.com/]]>
              </value>
            </param>
          </params>
          <reporter-output>
          </reporter-output>
        </test-method> <!-- launchBrowser -->
        <test-method signature="deleteContact(java.lang.String,java.lang.String)[pri:0, instance:test.TC005_DeleteContactAndLogout@815b41f]" started-at="2025-03-01T19:50:27 IST" name="deleteContact" data-provider="excelRead" finished-at="2025-03-01T19:50:31 IST" duration-ms="4468" status="PASS">
          <params>
            <param index="0">
              <value>
                <![CDATA[maniishguvi@gmail.com]]>
              </value>
            </param>
            <param index="1">
              <value>
                <![CDATA[Maniish@0212]]>
              </value>
            </param>
          </params>
          <reporter-output>
          </reporter-output>
        </test-method> <!-- deleteContact -->
        <test-method is-config="true" signature="close()[pri:0, instance:test.TC005_DeleteContactAndLogout@815b41f]" started-at="2025-03-01T19:50:31 IST" name="close" finished-at="2025-03-01T19:50:31 IST" duration-ms="207" status="PASS">
          <reporter-output>
          </reporter-output>
        </test-method> <!-- close -->
      </class> <!-- test.TC005_DeleteContactAndLogout -->
    </test> <!-- DeleteContactTest -->
  </suite> <!-- Suite -->
</testng-results>
